{"/Users/andreimihale/Documents/GitHubCLI/linktech-ui/src/components/Inputs/Button/Button.styled.ts": {"path":"/Users/andreimihale/Documents/GitHubCLI/linktech-ui/src/components/Inputs/Button/Button.styled.ts","statementMap":{"0":{"start":{"line":4,"column":28},"end":{"line":34,"column":1}},"1":{"start":{"line":14,"column":4},"end":{"line":18,"column":24}},"2":{"start":{"line":19,"column":23},"end":{"line":19,"column":60}},"3":{"start":{"line":20,"column":34},"end":{"line":20,"column":71}},"4":{"start":{"line":21,"column":25},"end":{"line":21,"column":49}},"5":{"start":{"line":23,"column":36},"end":{"line":23,"column":73}},"6":{"start":{"line":28,"column":6},"end":{"line":32,"column":26}}},"fnMap":{"0":{"name":"(anonymous_0)","decl":{"start":{"line":13,"column":13},"end":{"line":13,"column":14}},"loc":{"start":{"line":14,"column":4},"end":{"line":18,"column":24}},"line":14},"1":{"name":"(anonymous_1)","decl":{"start":{"line":19,"column":11},"end":{"line":19,"column":12}},"loc":{"start":{"line":19,"column":23},"end":{"line":19,"column":60}},"line":19},"2":{"name":"(anonymous_2)","decl":{"start":{"line":20,"column":22},"end":{"line":20,"column":23}},"loc":{"start":{"line":20,"column":34},"end":{"line":20,"column":71}},"line":20},"3":{"name":"(anonymous_3)","decl":{"start":{"line":21,"column":13},"end":{"line":21,"column":14}},"loc":{"start":{"line":21,"column":25},"end":{"line":21,"column":49}},"line":21},"4":{"name":"(anonymous_4)","decl":{"start":{"line":23,"column":24},"end":{"line":23,"column":25}},"loc":{"start":{"line":23,"column":36},"end":{"line":23,"column":73}},"line":23},"5":{"name":"(anonymous_5)","decl":{"start":{"line":27,"column":15},"end":{"line":27,"column":16}},"loc":{"start":{"line":28,"column":6},"end":{"line":32,"column":26}},"line":28}},"branchMap":{"0":{"loc":{"start":{"line":14,"column":4},"end":{"line":18,"column":24}},"type":"cond-expr","locations":[{"start":{"line":15,"column":8},"end":{"line":15,"column":22}},{"start":{"line":16,"column":8},"end":{"line":18,"column":24}}],"line":14},"1":{"loc":{"start":{"line":16,"column":8},"end":{"line":18,"column":24}},"type":"cond-expr","locations":[{"start":{"line":17,"column":8},"end":{"line":17,"column":23}},{"start":{"line":18,"column":8},"end":{"line":18,"column":24}}],"line":16},"2":{"loc":{"start":{"line":19,"column":23},"end":{"line":19,"column":60}},"type":"cond-expr","locations":[{"start":{"line":19,"column":39},"end":{"line":19,"column":48}},{"start":{"line":19,"column":51},"end":{"line":19,"column":60}}],"line":19},"3":{"loc":{"start":{"line":20,"column":34},"end":{"line":20,"column":71}},"type":"cond-expr","locations":[{"start":{"line":20,"column":50},"end":{"line":20,"column":59}},{"start":{"line":20,"column":62},"end":{"line":20,"column":71}}],"line":20},"4":{"loc":{"start":{"line":21,"column":25},"end":{"line":21,"column":49}},"type":"cond-expr","locations":[{"start":{"line":21,"column":42},"end":{"line":21,"column":45}},{"start":{"line":21,"column":48},"end":{"line":21,"column":49}}],"line":21},"5":{"loc":{"start":{"line":23,"column":36},"end":{"line":23,"column":73}},"type":"cond-expr","locations":[{"start":{"line":23,"column":52},"end":{"line":23,"column":61}},{"start":{"line":23,"column":64},"end":{"line":23,"column":73}}],"line":23},"6":{"loc":{"start":{"line":28,"column":6},"end":{"line":32,"column":26}},"type":"cond-expr","locations":[{"start":{"line":29,"column":10},"end":{"line":29,"column":24}},{"start":{"line":30,"column":10},"end":{"line":32,"column":26}}],"line":28},"7":{"loc":{"start":{"line":30,"column":10},"end":{"line":32,"column":26}},"type":"cond-expr","locations":[{"start":{"line":31,"column":10},"end":{"line":31,"column":24}},{"start":{"line":32,"column":10},"end":{"line":32,"column":26}}],"line":30}},"s":{"0":1,"1":1,"2":1,"3":1,"4":1,"5":1,"6":1},"f":{"0":1,"1":1,"2":1,"3":1,"4":1,"5":1},"b":{"0":[0,1],"1":[0,1],"2":[0,1],"3":[0,1],"4":[1,0],"5":[0,1],"6":[0,1],"7":[0,1]},"_coverageSchema":"1a1c01bbd47fc00a2c39e90264f33305004495a9","hash":"77840c8bc851608fe9ff0d27d424e8ba41ff95cb"}
,"/Users/andreimihale/Documents/GitHubCLI/linktech-ui/src/components/Inputs/Button/Button.tsx": {"path":"/Users/andreimihale/Documents/GitHubCLI/linktech-ui/src/components/Inputs/Button/Button.tsx","statementMap":{"0":{"start":{"line":14,"column":32},"end":{"line":34,"column":1}},"1":{"start":{"line":22,"column":2},"end":{"line":33,"column":4}}},"fnMap":{"0":{"name":"(anonymous_0)","decl":{"start":{"line":14,"column":32},"end":{"line":14,"column":33}},"loc":{"start":{"line":21,"column":6},"end":{"line":34,"column":1}},"line":21}},"branchMap":{},"s":{"0":1,"1":1},"f":{"0":1},"b":{},"_coverageSchema":"1a1c01bbd47fc00a2c39e90264f33305004495a9","hash":"20c70a7d0fb19d1cc85a879c1900cebee0d292d5"}
,"/Users/andreimihale/Documents/GitHubCLI/linktech-ui/src/components/Inputs/TextField/TextField.styled.ts": {"path":"/Users/andreimihale/Documents/GitHubCLI/linktech-ui/src/components/Inputs/TextField/TextField.styled.ts","statementMap":{"0":{"start":{"line":4,"column":27},"end":{"line":21,"column":1}},"1":{"start":{"line":10,"column":6},"end":{"line":16,"column":19}},"2":{"start":{"line":23,"column":27},"end":{"line":27,"column":1}},"3":{"start":{"line":25,"column":23},"end":{"line":25,"column":61}},"4":{"start":{"line":29,"column":29},"end":{"line":33,"column":1}},"5":{"start":{"line":35,"column":26},"end":{"line":39,"column":1}},"6":{"start":{"line":38,"column":4},"end":{"line":38,"column":68}}},"fnMap":{"0":{"name":"(anonymous_0)","decl":{"start":{"line":9,"column":6},"end":{"line":9,"column":7}},"loc":{"start":{"line":10,"column":6},"end":{"line":16,"column":19}},"line":10},"1":{"name":"(anonymous_1)","decl":{"start":{"line":25,"column":11},"end":{"line":25,"column":12}},"loc":{"start":{"line":25,"column":23},"end":{"line":25,"column":61}},"line":25},"2":{"name":"(anonymous_2)","decl":{"start":{"line":37,"column":11},"end":{"line":37,"column":12}},"loc":{"start":{"line":38,"column":4},"end":{"line":38,"column":68}},"line":38}},"branchMap":{"0":{"loc":{"start":{"line":10,"column":6},"end":{"line":16,"column":19}},"type":"cond-expr","locations":[{"start":{"line":11,"column":10},"end":{"line":11,"column":19}},{"start":{"line":12,"column":10},"end":{"line":16,"column":19}}],"line":10},"1":{"loc":{"start":{"line":12,"column":10},"end":{"line":16,"column":19}},"type":"cond-expr","locations":[{"start":{"line":13,"column":10},"end":{"line":13,"column":19}},{"start":{"line":14,"column":10},"end":{"line":16,"column":19}}],"line":12},"2":{"loc":{"start":{"line":14,"column":10},"end":{"line":16,"column":19}},"type":"cond-expr","locations":[{"start":{"line":15,"column":10},"end":{"line":15,"column":19}},{"start":{"line":16,"column":10},"end":{"line":16,"column":19}}],"line":14},"3":{"loc":{"start":{"line":25,"column":23},"end":{"line":25,"column":61}},"type":"cond-expr","locations":[{"start":{"line":25,"column":40},"end":{"line":25,"column":49}},{"start":{"line":25,"column":52},"end":{"line":25,"column":61}}],"line":25},"4":{"loc":{"start":{"line":38,"column":4},"end":{"line":38,"column":68}},"type":"cond-expr","locations":[{"start":{"line":38,"column":21},"end":{"line":38,"column":30}},{"start":{"line":38,"column":33},"end":{"line":38,"column":68}}],"line":38},"5":{"loc":{"start":{"line":38,"column":33},"end":{"line":38,"column":68}},"type":"cond-expr","locations":[{"start":{"line":38,"column":47},"end":{"line":38,"column":56}},{"start":{"line":38,"column":59},"end":{"line":38,"column":68}}],"line":38}},"s":{"0":1,"1":2,"2":1,"3":2,"4":1,"5":1,"6":4},"f":{"0":2,"1":2,"2":4},"b":{"0":[0,2],"1":[0,2],"2":[0,2],"3":[0,2],"4":[0,4],"5":[0,4]},"_coverageSchema":"1a1c01bbd47fc00a2c39e90264f33305004495a9","hash":"db49c36ec66cbd5760c7b918dcc6d8fb0ef8caf7"}
,"/Users/andreimihale/Documents/GitHubCLI/linktech-ui/src/components/Inputs/TextField/TextField.tsx": {"path":"/Users/andreimihale/Documents/GitHubCLI/linktech-ui/src/components/Inputs/TextField/TextField.tsx","statementMap":{"0":{"start":{"line":11,"column":34},"end":{"line":44,"column":1}},"1":{"start":{"line":22,"column":2},"end":{"line":43,"column":4}}},"fnMap":{"0":{"name":"(anonymous_0)","decl":{"start":{"line":11,"column":34},"end":{"line":11,"column":35}},"loc":{"start":{"line":21,"column":6},"end":{"line":44,"column":1}},"line":21}},"branchMap":{},"s":{"0":1,"1":2},"f":{"0":2},"b":{},"_coverageSchema":"1a1c01bbd47fc00a2c39e90264f33305004495a9","hash":"13f86e3be330ca79ea59694fb0b300cb472fa93c"}
}
