TN:
SF:src/components/Inputs/Button/Button.styled.ts
FN:13,(anonymous_0)
FN:19,(anonymous_1)
FN:20,(anonymous_2)
FN:21,(anonymous_3)
FN:23,(anonymous_4)
FN:27,(anonymous_5)
FNF:6
FNH:6
FNDA:1,(anonymous_0)
FNDA:1,(anonymous_1)
FNDA:1,(anonymous_2)
FNDA:1,(anonymous_3)
FNDA:1,(anonymous_4)
FNDA:1,(anonymous_5)
DA:4,1
DA:14,1
DA:19,1
DA:20,1
DA:21,1
DA:23,1
DA:28,1
LF:7
LH:7
BRDA:14,0,0,0
BRDA:14,0,1,1
BRDA:16,1,0,0
BRDA:16,1,1,1
BRDA:19,2,0,0
BRDA:19,2,1,1
BRDA:20,3,0,0
BRDA:20,3,1,1
BRDA:21,4,0,1
BRDA:21,4,1,0
BRDA:23,5,0,0
BRDA:23,5,1,1
BRDA:28,6,0,0
BRDA:28,6,1,1
BRDA:30,7,0,0
BRDA:30,7,1,1
BRF:16
BRH:8
end_of_record
TN:
SF:src/components/Inputs/Button/Button.tsx
FN:14,(anonymous_0)
FNF:1
FNH:1
FNDA:1,(anonymous_0)
DA:14,1
DA:22,1
LF:2
LH:2
BRF:0
BRH:0
end_of_record
TN:
SF:src/components/Inputs/TextField/TextField.styled.ts
FN:9,(anonymous_0)
FN:25,(anonymous_1)
FN:37,(anonymous_2)
FNF:3
FNH:3
FNDA:2,(anonymous_0)
FNDA:2,(anonymous_1)
FNDA:4,(anonymous_2)
DA:4,1
DA:10,2
DA:23,1
DA:25,2
DA:29,1
DA:35,1
DA:38,4
LF:7
LH:7
BRDA:10,0,0,0
BRDA:10,0,1,2
BRDA:12,1,0,0
BRDA:12,1,1,2
BRDA:14,2,0,0
BRDA:14,2,1,2
BRDA:25,3,0,0
BRDA:25,3,1,2
BRDA:38,4,0,0
BRDA:38,4,1,4
BRDA:38,5,0,0
BRDA:38,5,1,4
BRF:12
BRH:6
end_of_record
TN:
SF:src/components/Inputs/TextField/TextField.tsx
FN:11,(anonymous_0)
FNF:1
FNH:1
FNDA:2,(anonymous_0)
DA:11,1
DA:22,2
LF:2
LH:2
BRF:0
BRH:0
end_of_record
